#Timer# start operation [2018年10月27日 下午11:52:28]
#Boot# start config:diskset=[C@6e0e048a task=FMMain.Task@5bc79255  [2018年10月27日 下午11:52:28]
#Timer# start operation [2018年10月27日 下午11:53:34]
#Boot# start config:diskset=[C@6e0e048a task=FMMain.Task@5bc79255  [2018年10月27日 下午11:53:34]
#Boot# start config:diskset=[C@6e0e048a task=FMMain.Task@5bc79255  [2018年10月27日 下午11:55:21]
#Timer# start operation [2018年10月27日 下午11:55:21]
#Task# start tree [2018年10月27日 下午11:55:22]
#Timer# start operation [2018年10月27日 下午11:56:54]
#Boot# start config:diskset=[C@6e0e048a task=FMMain.Task@5bc79255  [2018年10月27日 下午11:56:54]
#Task# start tree [2018年10月27日 下午11:56:54]
#Timer# start operation [2018年10月27日 下午11:58:27]
#Boot# start config:diskset=[C@6e0e048a task=FMMain.Task@5bc79255  [2018年10月27日 下午11:58:27]
#Task# start tree [2018年10月27日 下午11:58:27]
#Boot# start config:diskset=[C@6e0e048a task=FMMain.Task@5bc79255  [2018年10月27日 下午11:59:08]
#Timer# stop because SPE [2018年10月27日 下午11:59:08]
#Timer# stop because SPE [2018年10月27日 下午11:59:09]
#Timer# stop because SPE [2018年10月27日 下午11:59:10]
#Timer# stop because SPE [2018年10月27日 下午11:59:11]
#Timer# stop because SPE [2018年10月27日 下午11:59:12]
#Timer# stop because SPE [2018年10月27日 下午11:59:13]
#Timer# stop because SPE [2018年10月27日 下午11:59:14]
#Timer# stop because SPE [2018年10月27日 下午11:59:15]
#Timer# stop because SPE [2018年10月27日 下午11:59:16]
#Timer# stop because SPE [2018年10月27日 下午11:59:17]
#Timer# stop because SPE [2018年10月27日 下午11:59:18]
#Timer# stop because SPE [2018年10月27日 下午11:59:19]
#Timer# stop because SPE [2018年10月27日 下午11:59:20]
#Timer# stop because SPE [2018年10月27日 下午11:59:21]
#Timer# stop because SPE [2018年10月27日 下午11:59:22]
#Timer# stop because SPE [2018年10月27日 下午11:59:23]
#Timer# stop because SPE [2018年10月27日 下午11:59:24]
#Timer# stop because SPE [2018年10月27日 下午11:59:25]
#Timer# stop because SPE [2018年10月27日 下午11:59:26]
#Timer# stop because SPE [2018年10月27日 下午11:59:27]
#Timer# stop because SPE [2018年10月27日 下午11:59:28]
#Timer# stop because SPE [2018年10月27日 下午11:59:29]
#Timer# stop because SPE [2018年10月27日 下午11:59:30]
#Timer# stop because SPE [2018年10月27日 下午11:59:34]
#Boot# start config:diskset=[C@6e0e048a task=FMMain.Task@5bc79255  [2018年10月27日 下午11:59:34]
#Timer# stop because SPE [2018年10月27日 下午11:59:35]
#Timer# stop because SPE [2018年10月27日 下午11:59:36]
#Timer# stop because SPE [2018年10月27日 下午11:59:37]
#Timer# stop because SPE [2018年10月27日 下午11:59:38]
#Timer# stop because SPE [2018年10月27日 下午11:59:39]
#Timer# stop because SPE [2018年10月27日 下午11:59:44]
#Boot# start config:diskset=[C@6e0e048a task=FMMain.Task@5bc79255  [2018年10月27日 下午11:59:44]
#Timer# stop because SPE [2018年10月27日 下午11:59:45]
#Timer# stop because SPE [2018年10月27日 下午11:59:46]
#Timer# stop because SPE [2018年10月27日 下午11:59:47]
#Timer# stop because SPE [2018年10月27日 下午11:59:48]
#Timer# stop because SPE [2018年10月27日 下午11:59:56]
#Boot# start config:diskset=[C@6e0e048a task=FMMain.Task@5bc79255  [2018年10月27日 下午11:59:56]
#Timer# stop because SPE [2018年10月27日 下午11:59:57]
#Timer# stop because SPE [2018年10月27日 下午11:59:58]
#Timer# stop because SPE [2018年10月27日 下午11:59:59]
#Timer# stop because SPE [2018年10月28日 上午12:00:00]
#Timer# stop because SPE [2018年10月28日 上午12:00:01]
#Timer# stop because SPE [2018年10月28日 上午12:00:02]
#Timer# stop because SPE [2018年10月28日 上午12:00:03]
#Timer# stop because SPE [2018年10月28日 上午12:00:04]
#Timer# stop because SPE [2018年10月28日 上午12:00:17]
#Timer# stop because SPE [2018年10月28日 上午12:00:18]
#Timer# stop because SPE [2018年10月28日 上午12:00:19]
#Boot# start config:diskset=[C@6e0e048a task=FMMain.Task@5bc79255  [2018年10月28日 下午11:42:07]
#Timer# stop because SPE [2018年10月28日 下午11:42:07]
#Timer# stop because SPE [2018年10月28日 下午11:42:08]
#Timer# stop because SPE [2018年10月28日 下午11:42:09]
#Timer# stop because SPE [2018年10月28日 下午11:42:10]
#Timer# stop because SPE [2018年10月28日 下午11:42:11]
#Timer# stop because SPE [2018年10月28日 下午11:42:12]
#Timer# stop because SPE [2018年10月28日 下午11:42:13]
#Timer# stop because SPE [2018年10月28日 下午11:42:14]
#Timer# stop because SPE [2018年10月28日 下午11:42:15]
#Timer# stop because SPE [2018年10月28日 下午11:42:16]
#Timer# stop because SPE [2018年10月28日 下午11:42:17]
#Timer# stop because SPE [2018年10月28日 下午11:42:18]
#Timer# stop because SPE [2018年10月28日 下午11:42:19]
#Timer# stop because SPE [2018年10月28日 下午11:42:20]
#Timer# stop because SPE [2018年10月28日 下午11:42:21]
#Timer# stop because SPE [2018年10月28日 下午11:42:22]
#Timer# stop because SPE [2018年10月28日 下午11:42:23]
#Timer# stop because SPE [2018年10月28日 下午11:42:24]
#Timer# stop because SPE [2018年10月28日 下午11:42:25]
#Timer# stop because SPE [2018年10月28日 下午11:42:26]
#Timer# stop because SPE [2018年10月28日 下午11:42:27]
#Timer# start operation [2018年10月28日 下午11:42:28]
#Task# start tree [2018年10月28日 下午11:42:28]
#Timer# stop because SPE [2018年10月28日 下午11:43:47]
#Boot# start config:diskset=[C@6e0e048a task=FMMain.Task@5bc79255  [2018年10月28日 下午11:43:47]
#Timer# stop because SPE [2018年10月28日 下午11:43:48]
#Timer# stop because SPE [2018年10月28日 下午11:43:49]
#Timer# stop because SPE [2018年10月28日 下午11:43:50]
#Timer# stop because SPE [2018年10月28日 下午11:43:51]
#Timer# stop because SPE [2018年10月28日 下午11:43:52]
#Timer# stop because SPE [2018年10月28日 下午11:43:53]
#Timer# stop because SPE [2018年10月28日 下午11:43:54]
#Timer# stop because SPE [2018年10月28日 下午11:43:55]
#Timer# stop because SPE [2018年10月28日 下午11:43:56]
#Timer# stop because SPE [2018年10月28日 下午11:43:57]
#Timer# stop because SPE [2018年10月28日 下午11:43:58]
#Timer# stop because SPE [2018年10月28日 下午11:43:59]
#Timer# stop because SPE [2018年10月28日 下午11:44:00]
#Timer# stop because SPE [2018年10月28日 下午11:44:01]
#Timer# stop because SPE [2018年10月28日 下午11:45:46]
#Boot# start config:diskset=[C@6e0e048a task=FMMain.Task@5bc79255  [2018年10月28日 下午11:45:46]
#Timer# start operation [2018年10月28日 下午11:46:06]
#Task# start tree [2018年10月28日 下午11:46:06]
#Timer# stop because SPE [2018年10月28日 下午11:49:04]
#Boot# start config:diskset=[C@6e0e048a task=FMMain.Task@5bc79255  [2018年10月28日 下午11:49:04]
#Timer# start operation [2018年10月28日 下午11:49:15]
#Task# start tree [2018年10月28日 下午11:49:15]
#Boot# start config:diskset=[C@6e0e048a task=FMMain.Task@5bc79255  [2018年10月28日 下午11:50:41]
#Timer# stop because SPE [2018年10月28日 下午11:50:41]
#Timer# start operation [2018年10月28日 下午11:50:52]
#Task# start tree [2018年10月28日 下午11:50:52]
#Timer# stop because SPE [2018年10月28日 下午11:52:01]
#Boot# start config:diskset=[C@6e0e048a task=FMMain.Task@5bc79255  [2018年10月28日 下午11:52:01]
#Timer# start operation [2018年10月28日 下午11:52:12]
#Task# start tree [2018年10月28日 下午11:52:12]
#Timer# stop because SPE [2018年10月28日 下午11:53:31]
#Boot# start config:diskset=[C@6e0e048a task=FMMain.Task@5bc79255  [2018年10月28日 下午11:53:31]
#Timer# start operation [2018年10月28日 下午11:53:42]
#Task# start tree [2018年10月28日 下午11:53:42]
#Boot# start config:diskset=[C@6e0e048a task=FMMain.Task@5bc79255  [2018年10月28日 下午11:55:32]
#Timer# start operation [2018年10月28日 下午11:55:43]
#Task# start tree [2018年10月28日 下午11:55:43]
#Boot# start config:diskset=[C@6e0e048a task=FMMain.Task@5bc79255  [2018年10月29日 上午12:01:46]
#Timer# start operation [2018年10月29日 上午12:01:57]
#Task# start tree [2018年10月29日 上午12:01:57]
#Boot# start config:diskset=[C@6e0e048a task=FMMain.Task@5bc79255  [2018年10月29日 上午12:04:22]
#Boot# start config:diskset=[C@6e0e048a task=FMMain.Task@5bc79255  [2018年10月29日 上午12:05:30]
#Timer# start operation [2018年10月29日 上午12:05:41]
#Task# start tree [2018年10月29日 上午12:05:41]
#Task# finish tree [2018年10月29日 上午12:05:44]
#Task# start copy [2018年10月29日 上午12:05:44]
#Task# finish copy [2018年10月29日 上午12:05:46]
#Task# exit task [2018年10月29日 上午12:05:46]
#Boot# start config:diskset=[C@6e0e048a task=FMMain.Task@5bc79255  [2018年10月29日 上午12:12:01]
#Timer# start operation [2018年10月29日 上午12:12:12]
#Task# start tree [2018年10月29日 上午12:12:12]
#Task# finish tree [2018年10月29日 上午12:12:15]
#Task# start copy [2018年10月29日 上午12:12:15]
#Task# finish copy. FileA=62(setting:10) FileS=7246(setting:10000) FolderA=8(setting:100000 [2018年10月29日 上午12:12:17]
#Task# exit task [2018年10月29日 上午12:12:17]
#Boot# start config:diskset=[C@6e0e048a task=FMMain.Task@5bc79255  [2018年10月29日 上午12:15:02]
#Boot# start config:diskset=[C@6e0e048a task=FMMain.Task@5bc79255  [2018年10月29日 上午12:15:42]
#Timer# start operation [2018年10月29日 上午12:15:53]
#Task# start tree [2018年10月29日 上午12:15:53]
#Boot# start config:diskset=[C@6e0e048a task=FMMain.Task@5bc79255  [2018年10月29日 上午12:26:22]
#Timer# start operation [2018年10月29日 上午12:26:33]
#Task# start tree [2018年10月29日 上午12:26:33]
#Task.scanAndOper# Error:null [2018年10月29日 上午12:28:12]
#Task.scanAndOper# Error:null [2018年10月29日 上午12:28:13]
#Task.scanAndOper# Error:null [2018年10月29日 上午12:28:13]
#Task.scanAndOper# Error:null [2018年10月29日 上午12:28:13]
#Task.scanAndOper# Error:null [2018年10月29日 上午12:28:13]
#Task.scanAndOper# Error:null [2018年10月29日 上午12:28:13]
#Task.scanAndOper# Error:null [2018年10月29日 上午12:28:13]
#Task.scanAndOper# Error:null [2018年10月29日 上午12:28:13]
#Task.scanAndOper# Error:null [2018年10月29日 上午12:28:13]
#Task.scanAndOper# Error:null [2018年10月29日 上午12:28:13]
#Task.scanAndOper# Error:null [2018年10月29日 上午12:28:13]
#Task.scanAndOper# Error:null [2018年10月29日 上午12:28:13]
#Task.scanAndOper# Error:null [2018年10月29日 上午12:28:13]
#Task.scanAndOper# Error:null [2018年10月29日 上午12:28:13]
#Task.scanAndOper# Error:null [2018年10月29日 上午12:28:13]
#Task.scanAndOper# Error:null [2018年10月29日 上午12:28:13]
#Task.scanAndOper# Error:null [2018年10月29日 上午12:28:13]
#Task.scanAndOper# Error:null [2018年10月29日 上午12:28:13]
#Task.scanAndOper# Error:null [2018年10月29日 上午12:28:13]
#Task.scanAndOper# Error:null [2018年10月29日 上午12:28:13]
#Task.scanAndOper# Error:null [2018年10月29日 上午12:28:13]
#Task.scanAndOper# Error:null [2018年10月29日 上午12:28:13]
#Task.scanAndOper# Error:null [2018年10月29日 上午12:28:13]
#Task.scanAndOper# Error:null [2018年10月29日 上午12:28:13]
#Task.scanAndOper# Error:null [2018年10月29日 上午12:28:13]
#Task.scanAndOper# Error:null [2018年10月29日 上午12:28:13]
#Task.scanAndOper# Error:null [2018年10月29日 上午12:28:13]
#Task.scanAndOper# Error:null [2018年10月29日 上午12:28:13]
#Task.scanAndOper# Error:null [2018年10月29日 上午12:28:13]
#Task.scanAndOper# Error:null [2018年10月29日 上午12:28:13]
#Task.scanAndOper# Error:null [2018年10月29日 上午12:28:13]
#Task.scanAndOper# Error:null [2018年10月29日 上午12:28:13]
#Task.scanAndOper# Error:null [2018年10月29日 上午12:28:13]
#Task.scanAndOper# Error:null [2018年10月29日 上午12:28:14]
#Task.scanAndOper# Error:null [2018年10月29日 上午12:28:14]
#Task.scanAndOper# Error:null [2018年10月29日 上午12:28:14]
#Task.scanAndOper# Error:null [2018年10月29日 上午12:28:14]
#Task.scanAndOper# Error:null [2018年10月29日 上午12:28:14]
#Task.scanAndOper# Error:null [2018年10月29日 上午12:28:14]
#Task.scanAndOper# Error:null [2018年10月29日 上午12:28:14]
#Task.scanAndOper# Error:null [2018年10月29日 上午12:28:14]
#Task.scanAndOper# Error:null [2018年10月29日 上午12:28:14]
#Task.scanAndOper# Error:null [2018年10月29日 上午12:28:14]
#Task.scanAndOper# Error:null [2018年10月29日 上午12:28:14]
#Task.scanAndOper# Error:null [2018年10月29日 上午12:28:14]
#Task.scanAndOper# Error:null [2018年10月29日 上午12:28:14]
#Task.scanAndOper# Error:null [2018年10月29日 上午12:28:14]
#Task.scanAndOper# Error:null [2018年10月29日 上午12:28:14]
#Task.scanAndOper# Error:null [2018年10月29日 上午12:28:14]
#Task.scanAndOper# Error:null [2018年10月29日 上午12:28:14]
#Task.scanAndOper# Error:null [2018年10月29日 上午12:28:14]
#Task.scanAndOper# Error:null [2018年10月29日 上午12:28:14]
#Task.scanAndOper# Error:null [2018年10月29日 上午12:28:14]
#Task.scanAndOper# Error:null [2018年10月29日 上午12:28:14]
#Task.scanAndOper# Error:null [2018年10月29日 上午12:28:14]
#Task.scanAndOper# Error:null [2018年10月29日 上午12:28:14]
#Task.scanAndOper# Error:null [2018年10月29日 上午12:28:14]
#Task.scanAndOper# Error:null [2018年10月29日 上午12:28:14]
#Task.scanAndOper# Error:null [2018年10月29日 上午12:28:14]
#Task.scanAndOper# Error:null [2018年10月29日 上午12:28:14]
#Task.scanAndOper# Error:null [2018年10月29日 上午12:28:14]
#Task.scanAndOper# Error:null [2018年10月29日 上午12:28:14]
#Task.scanAndOper# Error:null [2018年10月29日 上午12:28:14]
#Task.scanAndOper# Error:null [2018年10月29日 上午12:28:14]
#Task.scanAndOper# Error:null [2018年10月29日 上午12:28:14]
#Task.scanAndOper# Error:null [2018年10月29日 上午12:28:14]
#Task.scanAndOper# Error:null [2018年10月29日 上午12:28:14]
#Task.scanAndOper# Error:null [2018年10月29日 上午12:28:14]
#Task.scanAndOper# Error:null [2018年10月29日 上午12:28:14]
#Task.scanAndOper# Error:null [2018年10月29日 上午12:28:14]
#Task.scanAndOper# Error:null [2018年10月29日 上午12:28:15]
#Task.scanAndOper# Error:null [2018年10月29日 上午12:28:15]
#Task.scanAndOper# Error:null [2018年10月29日 上午12:28:15]
#Task.scanAndOper# Error:null [2018年10月29日 上午12:28:15]
#Task.scanAndOper# Error:null [2018年10月29日 上午12:28:15]
#Task.scanAndOper# Error:null [2018年10月29日 上午12:28:15]
#Task.scanAndOper# Error:null [2018年10月29日 上午12:28:15]
#Task.scanAndOper# Error:null [2018年10月29日 上午12:28:15]
#Task.scanAndOper# Error:null [2018年10月29日 上午12:28:15]
#Task.scanAndOper# Error:null [2018年10月29日 上午12:28:15]
#Task.scanAndOper# Error:null [2018年10月29日 上午12:28:15]
#Task.scanAndOper# Error:null [2018年10月29日 上午12:28:15]
#Task.scanAndOper# Error:null [2018年10月29日 上午12:28:15]
#Task.scanAndOper# Error:null [2018年10月29日 上午12:28:15]
#Task.scanAndOper# Error:null [2018年10月29日 上午12:28:26]
#Task.scanAndOper# Error:null [2018年10月29日 上午12:28:26]
#Task.scanAndOper# Error:null [2018年10月29日 上午12:28:27]
#Task.scanAndOper# Error:null [2018年10月29日 上午12:28:27]
#Task.scanAndOper# Error:null [2018年10月29日 上午12:28:27]
#Task.scanAndOper# Error:null [2018年10月29日 上午12:28:27]
#Task.scanAndOper# Error:null [2018年10月29日 上午12:28:27]
#Task.scanAndOper# Error:null [2018年10月29日 上午12:28:27]
#Task.scanAndOper# Error:null [2018年10月29日 上午12:28:27]
#Task.scanAndOper# Error:null [2018年10月29日 上午12:28:27]
#Task.scanAndOper# Error:null [2018年10月29日 上午12:28:27]
#Task.scanAndOper# Error:null [2018年10月29日 上午12:28:27]
#Task.scanAndOper# Error:null [2018年10月29日 上午12:28:27]
#Task.scanAndOper# Error:null [2018年10月29日 上午12:28:27]
#Task.scanAndOper# Error:null [2018年10月29日 上午12:28:27]
#Task.scanAndOper# Error:null [2018年10月29日 上午12:28:27]
#Task.scanAndOper# Error:null [2018年10月29日 上午12:28:27]
#Task.scanAndOper# Error:null [2018年10月29日 上午12:28:27]
#Task.scanAndOper# Error:null [2018年10月29日 上午12:28:27]
#Task.scanAndOper# Error:null [2018年10月29日 上午12:28:27]
#Task.scanAndOper# Error:null [2018年10月29日 上午12:28:27]
#Task.scanAndOper# Error:null [2018年10月29日 上午12:28:27]
#Task.scanAndOper# Error:null [2018年10月29日 上午12:28:27]
#Task.scanAndOper# Error:null [2018年10月29日 上午12:28:27]
#Task.scanAndOper# Error:null [2018年10月29日 上午12:28:27]
#Task.scanAndOper# Error:null [2018年10月29日 上午12:28:28]
#Task.scanAndOper# Error:null [2018年10月29日 上午12:28:28]
#Task.scanAndOper# Error:null [2018年10月29日 上午12:28:28]
#Task.scanAndOper# Error:null [2018年10月29日 上午12:28:28]
#Task.scanAndOper# Error:null [2018年10月29日 上午12:28:28]
#Task.scanAndOper# Error:null [2018年10月29日 上午12:28:28]
#Task.scanAndOper# Error:null [2018年10月29日 上午12:28:28]
#Task# finish tree [2018年10月29日 上午12:28:28]
#Task# start copy [2018年10月29日 上午12:28:28]
